2019-03-09 16:31:00,745 INFO o.a.j.u.JMeterUtils: Setting Locale to en_EN
2019-03-09 16:31:00,769 INFO o.a.j.JMeter: Loading user properties from: /Users/toni.nguyen/tools/jmeter/apache-jmeter-5.0/bin/user.properties
2019-03-09 16:31:00,770 INFO o.a.j.JMeter: Loading system properties from: /Users/toni.nguyen/tools/jmeter/apache-jmeter-5.0/bin/system.properties
2019-03-09 16:31:00,770 INFO o.a.j.JMeter: Setting JMeter property: jmeter.save.saveservice.output_format=xml
2019-03-09 16:31:00,775 INFO o.a.j.JMeter: Copyright (c) 1998-2018 The Apache Software Foundation
2019-03-09 16:31:00,775 INFO o.a.j.JMeter: Version 5.0 r1840935
2019-03-09 16:31:00,775 INFO o.a.j.JMeter: java.version=1.8.0_181
2019-03-09 16:31:00,775 INFO o.a.j.JMeter: java.vm.name=Java HotSpot(TM) 64-Bit Server VM
2019-03-09 16:31:00,775 INFO o.a.j.JMeter: os.name=Mac OS X
2019-03-09 16:31:00,775 INFO o.a.j.JMeter: os.arch=x86_64
2019-03-09 16:31:00,776 INFO o.a.j.JMeter: os.version=10.13.6
2019-03-09 16:31:00,776 INFO o.a.j.JMeter: file.encoding=UTF-8
2019-03-09 16:31:00,776 INFO o.a.j.JMeter: Max memory     =1073741824
2019-03-09 16:31:00,776 INFO o.a.j.JMeter: Available Processors =8
2019-03-09 16:31:00,780 INFO o.a.j.JMeter: Default Locale=English (EN)
2019-03-09 16:31:00,780 INFO o.a.j.JMeter: JMeter  Locale=English (EN)
2019-03-09 16:31:00,781 INFO o.a.j.JMeter: JMeterHome=/Users/toni.nguyen/tools/jmeter/apache-jmeter-5.0
2019-03-09 16:31:00,781 INFO o.a.j.JMeter: user.dir  =/Users/toni.nguyen/tools/jmeter/script
2019-03-09 16:31:00,781 INFO o.a.j.JMeter: PWD       =/Users/toni.nguyen/tools/jmeter/script
2019-03-09 16:31:00,782 INFO o.a.j.JMeter: IP: 192.168.86.112 Name: RMD-MAC-125.local FullName: 192.168.86.112
2019-03-09 16:31:00,786 INFO o.a.j.s.FileServer: Default base='/Users/toni.nguyen/tools/jmeter/script'
2019-03-09 16:31:00,791 INFO o.a.j.s.FileServer: Set new base='/Users/toni.nguyen/tools/jmeter/script'
2019-03-09 16:31:00,923 INFO o.a.j.s.SaveService: Testplan (JMX) version: 2.2. Testlog (JTL) version: 2.2
2019-03-09 16:31:00,940 INFO o.a.j.s.SaveService: Using SaveService properties file encoding UTF-8
2019-03-09 16:31:00,944 INFO o.a.j.s.SaveService: Using SaveService properties version 5.0
2019-03-09 16:31:00,948 INFO o.a.j.s.SaveService: Loading file: MyJenkinsApp.jmx
2019-03-09 16:31:00,990 INFO o.a.j.p.h.s.HTTPSamplerBase: Parser for text/html is org.apache.jmeter.protocol.http.parser.LagartoBasedHtmlParser
2019-03-09 16:31:00,990 INFO o.a.j.p.h.s.HTTPSamplerBase: Parser for application/xhtml+xml is org.apache.jmeter.protocol.http.parser.LagartoBasedHtmlParser
2019-03-09 16:31:00,991 INFO o.a.j.p.h.s.HTTPSamplerBase: Parser for application/xml is org.apache.jmeter.protocol.http.parser.LagartoBasedHtmlParser
2019-03-09 16:31:00,991 INFO o.a.j.p.h.s.HTTPSamplerBase: Parser for text/xml is org.apache.jmeter.protocol.http.parser.LagartoBasedHtmlParser
2019-03-09 16:31:00,991 INFO o.a.j.p.h.s.HTTPSamplerBase: Parser for text/vnd.wap.wml is org.apache.jmeter.protocol.http.parser.RegexpHTMLParser
2019-03-09 16:31:00,991 INFO o.a.j.p.h.s.HTTPSamplerBase: Parser for text/css is org.apache.jmeter.protocol.http.parser.CssParser
2019-03-09 16:31:01,007 INFO o.a.j.JMeter: Creating summariser <summary>
2019-03-09 16:31:01,012 INFO o.a.j.e.StandardJMeterEngine: Running the test!
2019-03-09 16:31:01,012 INFO o.a.j.s.SampleEvent: List of sample_variables: []
2019-03-09 16:31:01,012 INFO o.a.j.s.SampleEvent: List of sample_variables: []
2019-03-09 16:31:01,017 INFO o.a.j.e.u.CompoundVariable: Note: Function class names must contain the string: '.functions.'
2019-03-09 16:31:01,017 INFO o.a.j.e.u.CompoundVariable: Note: Function class names must not contain the string: '.gui.'
2019-03-09 16:31:01,332 INFO o.a.j.JMeter: Running test (1552174261332)
2019-03-09 16:31:01,357 INFO o.a.j.e.StandardJMeterEngine: Starting ThreadGroup: 1 : Thread Group
2019-03-09 16:31:01,358 INFO o.a.j.e.StandardJMeterEngine: Starting 1 threads for group Thread Group.
2019-03-09 16:31:01,358 INFO o.a.j.e.StandardJMeterEngine: Thread will continue on error
2019-03-09 16:31:01,358 INFO o.a.j.t.ThreadGroup: Starting thread group... number=1 threads=1 ramp-up=1 perThread=1000.0 delayedStart=false
2019-03-09 16:31:01,361 INFO o.a.j.t.ThreadGroup: Started thread group number 1
2019-03-09 16:31:01,361 INFO o.a.j.e.StandardJMeterEngine: All thread groups have been started
2019-03-09 16:31:01,363 INFO o.a.j.t.JMeterThread: Thread started: Thread Group 1-1
2019-03-09 16:31:01,377 INFO o.a.j.p.h.s.HTTPHCAbstractImpl: Local host = RMD-MAC-125.local
2019-03-09 16:31:01,382 INFO o.a.j.p.h.s.HTTPHC4Impl: HTTP request retry count = 0
2019-03-09 16:31:01,384 INFO o.a.j.s.SampleResult: Note: Sample TimeStamps are START times
2019-03-09 16:31:01,384 INFO o.a.j.s.SampleResult: sampleresult.default.encoding is set to ISO-8859-1
2019-03-09 16:31:01,384 INFO o.a.j.s.SampleResult: sampleresult.useNanoTime=true
2019-03-09 16:31:01,384 INFO o.a.j.s.SampleResult: sampleresult.nanoThreadSleep=5000
2019-03-09 16:31:02,129 INFO o.a.j.r.Summariser: summary +      1 in 00:00:01 =    1.3/s Avg:   686 Min:   686 Max:   686 Err:     0 (0.00%) Active: 1 Started: 1 Finished: 0
2019-03-09 16:31:02,130 INFO o.a.j.t.JMeterThread: Thread is done: Thread Group 1-1
2019-03-09 16:31:02,130 INFO o.a.j.t.JMeterThread: Thread finished: Thread Group 1-1
2019-03-09 16:31:02,132 INFO o.a.j.e.StandardJMeterEngine: Notifying test listeners of end of test
2019-03-09 16:31:02,132 INFO o.a.j.r.Summariser: summary =      1 in 00:00:01 =    1.2/s Avg:   686 Min:   686 Max:   686 Err:     0 (0.00%)
